<?xml version="1.0" encoding="UTF-8"?>
<!-- Generated by org.testng.reporters.JUnitXMLReporter -->
<testsuite ignored="0" hostname="DESKTOP-UVCNVNR" failures="1" tests="1" name="loginnew" time="20.069" errors="0" timestamp="2024-05-22T17:03:12 IST">
  <testcase classname="com.sevenrmartsupermarket.tests.HomeTest" name="verify_GraphicElements" time="2.998">
    <failure type="java.lang.AssertionError" message="expected [14] but found [8]">
      <![CDATA[java.lang.AssertionError: expected [14] but found [8]
at com.sevenrmartsupermarket.tests.HomeTest.verify_GraphicElements(HomeTest.java:23)
at java.base/java.util.ArrayList.forEach(ArrayList.java:1511)
at java.base/java.util.concurrent.FutureTask.run(FutureTask.java:264)
at java.base/java.util.concurrent.ThreadPoolExecutor.runWorker(ThreadPoolExecutor.java:1136)
at java.base/java.util.concurrent.ThreadPoolExecutor$Worker.run(ThreadPoolExecutor.java:635)
at java.base/java.lang.Thread.run(Thread.java:842)
... Removed 24 stack frames]]>
    </failure>
  </testcase> <!-- verify_GraphicElements -->
</testsuite> <!-- loginnew -->
